DLSODES- At T (=R1) and step size H (=R2), the    
      corrector convergence failed repeatedly     
      or with ABS(H) = HMIN   
In above message, R1 = 0.326497, R2 = 1.27334e-07
 
DLSODES- At current T (=R1), MXSTEP (=I1) steps   
      taken on this call before reaching TOUT     
In above message, I1 = 5000
 
In above message, R1 = 0.0138934
 
DLSODES- At current T (=R1), MXSTEP (=I1) steps   
      taken on this call before reaching TOUT     
In above message, I1 = 5000
 
In above message, R1 = 0.195706
 
DLSODES- At current T (=R1), MXSTEP (=I1) steps   
      taken on this call before reaching TOUT     
In above message, I1 = 5000
 
In above message, R1 = 0.20233
 
DLSODES- At current T (=R1), MXSTEP (=I1) steps   
      taken on this call before reaching TOUT     
In above message, I1 = 5000
 
In above message, R1 = 0.232956
 
DLSODES- At current T (=R1), MXSTEP (=I1) steps   
      taken on this call before reaching TOUT     
In above message, I1 = 5000
 
In above message, R1 = 0.176372
 
DLSODES- At current T (=R1), MXSTEP (=I1) steps   
      taken on this call before reaching TOUT     
In above message, I1 = 5000
 
In above message, R1 = 76.4194
 
DLSODES- At current T (=R1), MXSTEP (=I1) steps   
      taken on this call before reaching TOUT     
In above message, I1 = 5000
 
In above message, R1 = 80.1001
 
