DLSODES- At T (=R1) and step size H (=R2), the    
      corrector convergence failed repeatedly     
      or with ABS(H) = HMIN   
In above message, R1 = 114.699, R2 = 1.41298e-05
 
DLSODES- At current T (=R1), MXSTEP (=I1) steps   
      taken on this call before reaching TOUT     
In above message, I1 = 5000
 
In above message, R1 = 3.09228
 
DLSODES- At current T (=R1), MXSTEP (=I1) steps   
      taken on this call before reaching TOUT     
In above message, I1 = 5000
 
In above message, R1 = 21.552
 
DLSODES- At current T (=R1), MXSTEP (=I1) steps   
      taken on this call before reaching TOUT     
In above message, I1 = 5000
 
In above message, R1 = 2.80954
 
DLSODES- At current T (=R1), MXSTEP (=I1) steps   
      taken on this call before reaching TOUT     
In above message, I1 = 5000
 
In above message, R1 = 3.68887
 
