DLSODES- At T(=R1) and step size H(=R2), the error
      test failed repeatedly or with ABS(H) = HMIN
In above message, R1 = 347.694, R2 = 1.17465e-07
 
DLSODES- At T(=R1) and step size H(=R2), the error
      test failed repeatedly or with ABS(H) = HMIN
In above message, R1 = 255.051, R2 = 1.04699e-07
 
DLSODES- At T(=R1) and step size H(=R2), the error
      test failed repeatedly or with ABS(H) = HMIN
In above message, R1 = 372.509, R2 = 1.6753e-07
 
DLSODES- At current T (=R1), MXSTEP (=I1) steps   
      taken on this call before reaching TOUT     
In above message, I1 = 5000
 
In above message, R1 = 0.0266206
 
DLSODES- At current T (=R1), MXSTEP (=I1) steps   
      taken on this call before reaching TOUT     
In above message, I1 = 5000
 
In above message, R1 = 0.201357
 
DLSODES- At current T (=R1), MXSTEP (=I1) steps   
      taken on this call before reaching TOUT     
In above message, I1 = 5000
 
In above message, R1 = 0.197827
 
DLSODES- At current T (=R1), MXSTEP (=I1) steps   
      taken on this call before reaching TOUT     
In above message, I1 = 5000
 
In above message, R1 = 0.446981
 
DLSODES- At current T (=R1), MXSTEP (=I1) steps   
      taken on this call before reaching TOUT     
In above message, I1 = 5000
 
In above message, R1 = 0.247959
 
DLSODES- At current T (=R1), MXSTEP (=I1) steps   
      taken on this call before reaching TOUT     
In above message, I1 = 5000
 
In above message, R1 = 0.394974
 
DLSODES- At current T (=R1), MXSTEP (=I1) steps   
      taken on this call before reaching TOUT     
In above message, I1 = 5000
 
In above message, R1 = 0.265095
 
DLSODES- At current T (=R1), MXSTEP (=I1) steps   
      taken on this call before reaching TOUT     
In above message, I1 = 5000
 
In above message, R1 = 0.413125
 
