DLSODES- At current T (=R1), MXSTEP (=I1) steps   
      taken on this call before reaching TOUT     
In above message, I1 = 5000
 
In above message, R1 = 0.0312588
 
DLSODES- At T (=R1) and step size H (=R2), the    
      corrector convergence failed repeatedly     
      or with ABS(H) = HMIN   
In above message, R1 = 376.042, R2 = 1.09473e-06
 
DLSODES- At T(=R1) and step size H(=R2), the error
      test failed repeatedly or with ABS(H) = HMIN
In above message, R1 = 598.022, R2 = 5.19639e-09
 
DLSODES- At T (=R1) and step size H (=R2), the    
      corrector convergence failed repeatedly     
      or with ABS(H) = HMIN   
In above message, R1 = 707.899, R2 = 6.38044e-07
 
DLSODES- At current T (=R1), MXSTEP (=I1) steps   
      taken on this call before reaching TOUT     
In above message, I1 = 5000
 
In above message, R1 = 6.74147
 
DLSODES- At current T (=R1), MXSTEP (=I1) steps   
      taken on this call before reaching TOUT     
In above message, I1 = 5000
 
In above message, R1 = 44.723
 
DLSODES- At current T (=R1), MXSTEP (=I1) steps   
      taken on this call before reaching TOUT     
In above message, I1 = 5000
 
In above message, R1 = 36.9344
 
DLSODES- At current T (=R1), MXSTEP (=I1) steps   
      taken on this call before reaching TOUT     
In above message, I1 = 5000
 
In above message, R1 = 11.0347
 
DLSODES- At T (=R1) and step size H (=R2), the    
      corrector convergence failed repeatedly     
      or with ABS(H) = HMIN   
In above message, R1 = 224.545, R2 = 7.32374e-07
 
DLSODES- At current T (=R1), MXSTEP (=I1) steps   
      taken on this call before reaching TOUT     
In above message, I1 = 5000
 
In above message, R1 = 16.0444
 
DLSODES- At current T (=R1), MXSTEP (=I1) steps   
      taken on this call before reaching TOUT     
In above message, I1 = 5000
 
In above message, R1 = 18.9752
 
DLSODES- At current T (=R1), MXSTEP (=I1) steps   
      taken on this call before reaching TOUT     
In above message, I1 = 5000
 
In above message, R1 = 17.2291
 
DLSODES- At current T (=R1), MXSTEP (=I1) steps   
      taken on this call before reaching TOUT     
In above message, I1 = 5000
 
In above message, R1 = 15.4637
 
DLSODES- At current T (=R1), MXSTEP (=I1) steps   
      taken on this call before reaching TOUT     
In above message, I1 = 5000
 
In above message, R1 = 18.5694
 
DLSODES- At current T (=R1), MXSTEP (=I1) steps   
      taken on this call before reaching TOUT     
In above message, I1 = 5000
 
In above message, R1 = 21.3637
 
DLSODES- At current T (=R1), MXSTEP (=I1) steps   
      taken on this call before reaching TOUT     
In above message, I1 = 5000
 
In above message, R1 = 18.9551
 
DLSODES- At T (=R1) and step size H (=R2), the    
      corrector convergence failed repeatedly     
      or with ABS(H) = HMIN   
In above message, R1 = 384.443, R2 = 5.81066e-07
 
DLSODES- At current T (=R1), MXSTEP (=I1) steps   
      taken on this call before reaching TOUT     
In above message, I1 = 5000
 
In above message, R1 = 20.1304
 
DLSODES- At current T (=R1), MXSTEP (=I1) steps   
      taken on this call before reaching TOUT     
In above message, I1 = 5000
 
In above message, R1 = 20.2413
 
